Dataset: datasets/data_408v_94x94
Config: cfg_1
Tempo de execução: 101.51 segundos

=== Saída ===
pygame 2.6.1 (SDL 2.28.4, Python 3.13.3)
Hello from the pygame community. https://www.pygame.org/contribute.html
RESC_1 Map received from the explorer
ENV: ag EXPL_4 succesfully terminated, it is at the base
RESC_1 Map received from the explorer
ENV: ag EXPL_2 succesfully terminated, it is at the base
RESC_1 Map received from the explorer
ENV: ag EXPL_3 succesfully terminated, it is at the base
RESC_1 Map received from the explorer
RESC_1 all maps received from the explorers
[Rescuer] Classificador e scaler carregados com sucesso!
ENV: ag EXPL_1 succesfully terminated, it is at the base
RESC_4 has finished the plan [ENTER]
ENV: ag RESC_4 succesfully terminated, it is at the base
RESC_2 has finished the plan [ENTER]
ENV: ag RESC_2 succesfully terminated, it is at the base
RESC_3 has finished the plan [ENTER]
ENV: ag RESC_3 succesfully terminated, it is at the base
RESC_1 Plan fail - walk error - agent at (16, 16)
ENV: RESC_1: time limit reached, no batt, it is dead
ENV: no active or idle agent scheduled for execution... terminating
RESULTS PER AGENT


*** Final results per agent ***

[ Agent RESC_1 ]
This agent is dead, you should discard its results, but...

*** Consumed time ***
1000.75 of 1000.00
     No found victims
     --------------------------------------
     CSV of found victims
     Ve1,Ve2,Ve3,Ve4,Veg
     0,0,0,0,0.0

     saved victims: (ID, Sev label, Sev value)
     (88, 4, 75.4)      (89, 4, 76.2)      (90, 4, 85.3)      (91, 4, 84.9)      (92, 4, 87.0)      (93, 4, 80.2)      (96, 4, 80.8)      (98, 4, 75.4)      (101, 4, 87.0)      (176, 2, 32.3)      (184, 2, 34.4)      (187, 1, 13.4)      (200, 1, 13.2)      (214, 1, 13.9)      (217, 2, 32.1)      (218, 1, 20.6)      (223, 3, 57.0)      (229, 1, 13.6)      (251, 1, 13.2)      (266, 1, 14.6)      (280, 2, 32.8)      (350, 2, 38.9)      (364, 2, 33.5)      (375, 2, 39.8)      (378, 2, 39.4)      (382, 1, 13.2)      (386, 1, 13.3)      (387, 1, 13.4)      (390, 1, 13.8)      (391, 1, 13.2)      (400, 1, 13.8)      (402, 1, 20.6)      (403, 1, 13.2)      (404, 1, 13.2)      (405, 1, 14.0) 

     Critical victims saved     (Vs1) =  17 out of 112 (15.2)%
     Instable victims saved     (Vs2) =   8 out of 124 (6.5)%
     Pot. inst. victims saved   (Vs3) =   1 out of 84 (1.2)%
     Stable victims saved       (Vs4) =   9 out of 88 (10.2)%
     --------------------------------------
     Total of saved victims     (Vs)  =  35 (8.58%)
     Weighted saved victims per severity (Vsg) = 0.11

     Sum of gravities of all saved victims = 1316.82 of a total of 18528.67
       % of gravities of all saved victims = 0.07
     --------------------------------------
     CSV of saved victims
     Vs1,Vs2,Vs3,Vs4,Vsg
     17,8,1,9,0.10538461538461538

[ Agent EXPL_1 ]

*** Consumed time ***
2917.12 of 5000.00

     found victims: (ID, Sev label, Sev value)
     (0, 1, 13.6)      (2, 1, 24.2)      (12, 1, 20.1)      (13, 1, 22.0)      (17, 1, 13.4)      (22, 1, 13.2)      (28, 2, 33.3)      (32, 2, 31.5)      (41, 2, 37.6)      (42, 2, 32.8)      (53, 2, 26.0)      (70, 3, 60.3)      (71, 3, 61.5)      (73, 3, 52.6)      (76, 3, 50.5)      (77, 3, 54.7)      (83, 4, 75.3)      (88, 4, 75.4)      (89, 4, 76.2)      (90, 4, 85.3)      (91, 4, 84.9)      (92, 4, 87.0)      (94, 4, 87.0)      (97, 4, 81.5)      (98, 4, 75.4)      (173, 4, 83.7)      (174, 3, 51.6)      (178, 4, 75.2)      (199, 2, 28.9)      (200, 1, 13.2)      (203, 3, 73.0)      (204, 4, 87.0)      (207, 1, 14.5)      (223, 3, 57.0)      (229, 1, 13.6)      (266, 1, 14.6)      (329, 3, 55.4)      (333, 3, 51.3)      (334, 3, 55.2)      (351, 2, 36.1)      (378, 2, 39.4)      (382, 1, 13.2)      (387, 1, 13.4)      (390, 1, 13.8)      (402, 1, 20.6)      (403, 1, 13.2)      (404, 1, 13.2)      (405, 1, 14.0) 

     Critical victims found     (Ve1) =  17 out of 112 (15.2)%
     Instable victims found     (Ve2) =   8 out of 124 (6.5)%
     Pot. inst. victims found   (Ve3) =  11 out of 84 (13.1)%
     Stable victims found       (Ve4) =  12 out of 88 (13.6)%
     --------------------------------------
     Total of found victims     (Ve)  =  48 (11.76%)
     Weighted found victims per severity (Veg) = 0.12

     Sum of gravities of all found victims = 2126.54 of a total of 18528.67
       % of gravities of all found victims = 0.11
     --------------------------------------
     CSV of found victims
     Ve1,Ve2,Ve3,Ve4,Veg
     17,8,11,12,0.12307692307692308
     No saved victims
     --------------------------------------
     CSV of saved victims
     Vs1,Vs2,Vs3,Vs4,Vsg
     0,0,0,0,0.0

[ Agent EXPL_2 ]

*** Consumed time ***
2889.00 of 5000.00

     found victims: (ID, Sev label, Sev value)
     (1, 1, 13.2)      (4, 1, 23.9)      (6, 1, 21.0)      (7, 1, 13.9)      (13, 1, 22.0)      (17, 1, 13.4)      (19, 1, 24.5)      (20, 1, 24.7)      (21, 1, 13.5)      (22, 1, 13.2)      (23, 1, 20.9)      (24, 1, 14.2)      (29, 2, 37.3)      (35, 2, 38.6)      (39, 2, 39.6)      (51, 2, 33.0)      (56, 2, 40.0)      (58, 2, 40.4)      (61, 3, 57.1)      (66, 3, 57.3)      (68, 3, 59.4)      (69, 3, 67.3)      (70, 3, 60.3)      (71, 3, 61.5)      (74, 3, 54.5)      (76, 3, 50.5)      (77, 3, 54.7)      (78, 3, 52.0)      (80, 4, 87.0)      (98, 4, 75.4)      (101, 4, 87.0)      (105, 3, 66.8)      (106, 1, 13.2)      (107, 1, 13.6)      (115, 2, 34.6)      (116, 1, 14.0)      (122, 4, 79.2)      (133, 2, 40.0)      (156, 1, 13.8)      (169, 4, 79.5)      (171, 1, 14.1)      (175, 4, 75.4)      (193, 2, 32.3)      (200, 1, 13.2)      (214, 1, 13.9)      (218, 1, 20.6)      (223, 3, 57.0)      (229, 1, 13.6)      (251, 1, 13.2)      (280, 2, 32.8)      (364, 2, 33.5)      (400, 1, 13.8) 

     Critical victims found     (Ve1) =  23 out of 112 (20.5)%
     Instable victims found     (Ve2) =  11 out of 124 (8.9)%
     Pot. inst. victims found   (Ve3) =  12 out of 84 (14.3)%
     Stable victims found       (Ve4) =   6 out of 88 (6.8)%
     --------------------------------------
     Total of found victims     (Ve)  =  52 (12.75%)
     Weighted found victims per severity (Veg) = 0.15

     Sum of gravities of all found victims = 1959.56 of a total of 18528.67
       % of gravities of all found victims = 0.11
     --------------------------------------
     CSV of found victims
     Ve1,Ve2,Ve3,Ve4,Veg
     23,11,12,6,0.15461538461538463
     No saved victims
     --------------------------------------
     CSV of saved victims
     Vs1,Vs2,Vs3,Vs4,Vsg
     0,0,0,0,0.0

[ Agent EXPL_3 ]

*** Consumed time ***
2835.50 of 5000.00

     found victims: (ID, Sev label, Sev value)
     (63, 3, 65.2)      (64, 3, 64.0)      (66, 3, 57.3)      (80, 4, 87.0)      (81, 4, 87.0)      (92, 4, 87.0)      (106, 1, 13.2)      (107, 1, 13.6)      (109, 1, 13.2)      (115, 2, 34.6)      (116, 1, 14.0)      (123, 4, 81.9)      (124, 1, 23.9)      (127, 1, 13.7)      (133, 2, 40.0)      (134, 1, 13.2)      (136, 3, 52.5)      (137, 2, 26.4)      (139, 4, 75.7)      (140, 2, 35.3)      (141, 1, 13.3)      (147, 4, 77.2)      (148, 3, 53.4)      (149, 3, 71.9)      (151, 3, 74.8)      (152, 2, 40.0)      (156, 1, 13.8)      (160, 4, 84.4)      (161, 3, 58.7)      (165, 1, 13.9)      (166, 2, 40.7)      (173, 4, 83.7)      (174, 3, 51.6)      (182, 1, 14.1)      (183, 3, 57.6)      (186, 1, 21.9)      (190, 4, 78.4)      (195, 2, 30.6)      (196, 1, 13.7)      (197, 3, 58.6)      (198, 1, 19.1)      (199, 2, 28.9)      (200, 1, 13.2)      (202, 2, 32.0)      (217, 2, 32.1)      (349, 2, 31.0)      (350, 2, 38.9)      (382, 1, 13.2)      (384, 1, 13.2)      (386, 1, 13.3)      (389, 1, 13.3)      (391, 1, 13.2) 

     Critical victims found     (Ve1) =  20 out of 112 (17.9)%
     Instable victims found     (Ve2) =  12 out of 124 (9.7)%
     Pot. inst. victims found   (Ve3) =  11 out of 84 (13.1)%
     Stable victims found       (Ve4) =   9 out of 88 (10.2)%
     --------------------------------------
     Total of found victims     (Ve)  =  52 (12.75%)
     Weighted found victims per severity (Veg) = 0.14

     Sum of gravities of all found victims = 2112.60 of a total of 18528.67
       % of gravities of all found victims = 0.11
     --------------------------------------
     CSV of found victims
     Ve1,Ve2,Ve3,Ve4,Veg
     20,12,11,9,0.14384615384615385
     No saved victims
     --------------------------------------
     CSV of saved victims
     Vs1,Vs2,Vs3,Vs4,Vsg
     0,0,0,0,0.0

[ Agent EXPL_4 ]

*** Consumed time ***
2756.50 of 5000.00

     found victims: (ID, Sev label, Sev value)
     (9, 1, 13.2)      (13, 1, 22.0)      (22, 1, 13.2)      (40, 2, 36.2)      (45, 2, 29.2)      (56, 2, 40.0)      (62, 3, 60.0)      (63, 3, 65.2)      (64, 3, 64.0)      (68, 3, 59.4)      (72, 3, 71.9)      (78, 3, 52.0)      (79, 3, 51.8)      (84, 4, 85.2)      (88, 4, 75.4)      (90, 4, 85.3)      (93, 4, 80.2)      (96, 4, 80.8)      (99, 4, 86.7)      (170, 4, 80.0)      (176, 2, 32.3)      (181, 1, 13.7)      (184, 2, 34.4)      (187, 1, 13.4)      (190, 4, 78.4)      (196, 1, 13.7)      (310, 4, 77.9)      (317, 4, 80.4)      (375, 2, 39.8)      (381, 1, 13.4)      (382, 1, 13.2) 

     Critical victims found     (Ve1) =   8 out of 112 (7.1)%
     Instable victims found     (Ve2) =   6 out of 124 (4.8)%
     Pot. inst. victims found   (Ve3) =   7 out of 84 (8.3)%
     Stable victims found       (Ve4) =  10 out of 88 (11.4)%
     --------------------------------------
     Total of found victims     (Ve)  =  31 (7.60%)
     Weighted found victims per severity (Veg) = 0.07

     Sum of gravities of all found victims = 1562.30 of a total of 18528.67
       % of gravities of all found victims = 0.08
     --------------------------------------
     CSV of found victims
     Ve1,Ve2,Ve3,Ve4,Veg
     8,6,7,10,0.06923076923076923
     No saved victims
     --------------------------------------
     CSV of saved victims
     Vs1,Vs2,Vs3,Vs4,Vsg
     0,0,0,0,0.0

[ Agent RESC_2 ]

*** Consumed time ***
771.50 of 1000.00
     No found victims
     --------------------------------------
     CSV of found victims
     Ve1,Ve2,Ve3,Ve4,Veg
     0,0,0,0,0.0

     saved victims: (ID, Sev label, Sev value)
     (19, 1, 24.5)      (23, 1, 20.9)      (29, 2, 37.3)      (41, 2, 37.6)      (61, 3, 57.1)      (62, 3, 60.0)      (63, 3, 65.2)      (64, 3, 64.0)      (66, 3, 57.3)      (68, 3, 59.4)      (69, 3, 67.3)      (70, 3, 60.3)      (71, 3, 61.5)      (72, 3, 71.9)      (80, 4, 87.0)      (81, 4, 87.0)      (83, 4, 75.3)      (84, 4, 85.2)      (88, 4, 75.4)      (90, 4, 85.3)      (93, 4, 80.2)      (109, 1, 13.2)      (115, 2, 34.6)      (116, 1, 14.0)      (123, 4, 81.9)      (124, 1, 23.9)      (152, 2, 40.0)      (176, 2, 32.3)      (184, 2, 34.4) 

     Critical victims saved     (Vs1) =   5 out of 112 (4.5)%
     Instable victims saved     (Vs2) =   6 out of 124 (4.8)%
     Pot. inst. victims saved   (Vs3) =  10 out of 84 (11.9)%
     Stable victims saved       (Vs4) =   8 out of 88 (9.1)%
     --------------------------------------
     Total of saved victims     (Vs)  =  29 (7.11%)
     Weighted saved victims per severity (Vsg) = 0.06

     Sum of gravities of all saved victims = 1594.01 of a total of 18528.67
       % of gravities of all saved victims = 0.09
     --------------------------------------
     CSV of saved victims
     Vs1,Vs2,Vs3,Vs4,Vsg
     5,6,10,8,0.05846153846153846

[ Agent RESC_3 ]

*** Consumed time ***
806.50 of 1000.00
     No found victims
     --------------------------------------
     CSV of found victims
     Ve1,Ve2,Ve3,Ve4,Veg
     0,0,0,0,0.0

     saved victims: (ID, Sev label, Sev value)
     (105, 3, 66.8)      (106, 1, 13.2)      (107, 1, 13.6)      (122, 4, 79.2)      (127, 1, 13.7)      (133, 2, 40.0)      (134, 1, 13.2)      (136, 3, 52.5)      (137, 2, 26.4)      (139, 4, 75.7)      (140, 2, 35.3)      (141, 1, 13.3)      (147, 4, 77.2)      (148, 3, 53.4)      (149, 3, 71.9)      (151, 3, 74.8)      (156, 1, 13.8)      (160, 4, 84.4)      (161, 3, 58.7)      (165, 1, 13.9)      (166, 2, 40.7)      (169, 4, 79.5)      (170, 4, 80.0)      (171, 1, 14.1)      (173, 4, 83.7)      (174, 3, 51.6)      (175, 4, 75.4)      (178, 4, 75.2)      (181, 1, 13.7)      (182, 1, 14.1)      (183, 3, 57.6)      (186, 1, 21.9)      (187, 1, 13.4)      (190, 4, 78.4)      (193, 2, 32.3)      (195, 2, 30.6)      (196, 1, 13.7)      (197, 3, 58.6)      (198, 1, 19.1)      (199, 2, 28.9)      (202, 2, 32.0)      (203, 3, 73.0)      (310, 4, 77.9)      (317, 4, 80.4)      (329, 3, 55.4)      (333, 3, 51.3)      (334, 3, 55.2)      (349, 2, 31.0)      (351, 2, 36.1)      (375, 2, 39.8)      (381, 1, 13.4)      (384, 1, 13.2)      (389, 1, 13.3) 

     Critical victims saved     (Vs1) =  17 out of 112 (15.2)%
     Instable victims saved     (Vs2) =  11 out of 124 (8.9)%
     Pot. inst. victims saved   (Vs3) =  13 out of 84 (15.5)%
     Stable victims saved       (Vs4) =  12 out of 88 (13.6)%
     --------------------------------------
     Total of saved victims     (Vs)  =  53 (12.99%)
     Weighted saved victims per severity (Vsg) = 0.13

     Sum of gravities of all saved victims = 2345.72 of a total of 18528.67
       % of gravities of all saved victims = 0.13
     --------------------------------------
     CSV of saved victims
     Vs1,Vs2,Vs3,Vs4,Vsg
     17,11,13,12,0.13307692307692306

[ Agent RESC_4 ]

*** Consumed time ***
642.25 of 1000.00
     No found victims
     --------------------------------------
     CSV of found victims
     Ve1,Ve2,Ve3,Ve4,Veg
     0,0,0,0,0.0

     saved victims: (ID, Sev label, Sev value)
     (0, 1, 13.6)      (1, 1, 13.2)      (2, 1, 24.2)      (4, 1, 23.9)      (6, 1, 21.0)      (7, 1, 13.9)      (9, 1, 13.2)      (12, 1, 20.1)      (13, 1, 22.0)      (17, 1, 13.4)      (20, 1, 24.7)      (21, 1, 13.5)      (22, 1, 13.2)      (24, 1, 14.2)      (28, 2, 33.3)      (32, 2, 31.5)      (35, 2, 38.6)      (39, 2, 39.6)      (40, 2, 36.2)      (41, 2, 37.6)      (42, 2, 32.8)      (45, 2, 29.2)      (51, 2, 33.0)      (53, 2, 26.0)      (56, 2, 40.0)      (58, 2, 40.4)      (73, 3, 52.6)      (74, 3, 54.5)      (76, 3, 50.5)      (77, 3, 54.7)      (78, 3, 52.0)      (79, 3, 51.8)      (89, 4, 76.2)      (90, 4, 85.3)      (94, 4, 87.0)      (97, 4, 81.5)      (99, 4, 86.7)      (204, 4, 87.0)      (207, 1, 14.5)      (217, 2, 32.1) 

     Critical victims saved     (Vs1) =  15 out of 112 (13.4)%
     Instable victims saved     (Vs2) =  13 out of 124 (10.5)%
     Pot. inst. victims saved   (Vs3) =   6 out of 84 (7.1)%
     Stable victims saved       (Vs4) =   6 out of 88 (6.8)%
     --------------------------------------
     Total of saved victims     (Vs)  =  40 (9.80%)
     Weighted saved victims per severity (Vsg) = 0.11

     Sum of gravities of all saved victims = 1528.49 of a total of 18528.67
       % of gravities of all saved victims = 0.08
     --------------------------------------
     CSV of saved victims
     Vs1,Vs2,Vs3,Vs4,Vsg
     15,13,6,6,0.11307692307692307

--------------


*** ACUMULATED RESULTS - FOR ALL AGENTS ***

 *** Numbers of Victims in the Environment ***
   Critical victims    (V1) = 112
   Instable victims    (V2) = 124
   Pot. inst. victims  (V3) =  84
   Stable victims      (V4) =  88
   --------------------------------------
   Total of victims    (V)  = 408
   Sum of all gravities(SG) = 18528.67
   --------------------------------------
   CSV of nb. total of victims
   V1,V2,V3,V4,SG
   112,124,84,88,18528.673041000016

 *** FOUND victims by all explorer agents ***

     found victims: (ID, Sev label, Sev value)
     (0, 1, 13.6)      (1, 1, 13.2)      (2, 1, 24.2)      (4, 1, 23.9)      (6, 1, 21.0)      (7, 1, 13.9)      (9, 1, 13.2)      (12, 1, 20.1)      (13, 1, 22.0)      (17, 1, 13.4)      (19, 1, 24.5)      (20, 1, 24.7)      (21, 1, 13.5)      (22, 1, 13.2)      (23, 1, 20.9)      (24, 1, 14.2)      (28, 2, 33.3)      (29, 2, 37.3)      (32, 2, 31.5)      (35, 2, 38.6)      (39, 2, 39.6)      (40, 2, 36.2)      (41, 2, 37.6)      (42, 2, 32.8)      (45, 2, 29.2)      (51, 2, 33.0)      (53, 2, 26.0)      (56, 2, 40.0)      (58, 2, 40.4)      (61, 3, 57.1)      (62, 3, 60.0)      (63, 3, 65.2)      (64, 3, 64.0)      (66, 3, 57.3)      (68, 3, 59.4)      (69, 3, 67.3)      (70, 3, 60.3)      (71, 3, 61.5)      (72, 3, 71.9)      (73, 3, 52.6)      (74, 3, 54.5)      (76, 3, 50.5)      (77, 3, 54.7)      (78, 3, 52.0)      (79, 3, 51.8)      (80, 4, 87.0)      (81, 4, 87.0)      (83, 4, 75.3)      (84, 4, 85.2)      (88, 4, 75.4)      (89, 4, 76.2)      (90, 4, 85.3)      (91, 4, 84.9)      (92, 4, 87.0)      (93, 4, 80.2)      (94, 4, 87.0)      (96, 4, 80.8)      (97, 4, 81.5)      (98, 4, 75.4)      (99, 4, 86.7)      (101, 4, 87.0)      (105, 3, 66.8)      (106, 1, 13.2)      (107, 1, 13.6)      (109, 1, 13.2)      (115, 2, 34.6)      (116, 1, 14.0)      (122, 4, 79.2)      (123, 4, 81.9)      (124, 1, 23.9)      (127, 1, 13.7)      (133, 2, 40.0)      (134, 1, 13.2)      (136, 3, 52.5)      (137, 2, 26.4)      (139, 4, 75.7)      (140, 2, 35.3)      (141, 1, 13.3)      (147, 4, 77.2)      (148, 3, 53.4)      (149, 3, 71.9)      (151, 3, 74.8)      (152, 2, 40.0)      (156, 1, 13.8)      (160, 4, 84.4)      (161, 3, 58.7)      (165, 1, 13.9)      (166, 2, 40.7)      (169, 4, 79.5)      (170, 4, 80.0)      (171, 1, 14.1)      (173, 4, 83.7)      (174, 3, 51.6)      (175, 4, 75.4)      (176, 2, 32.3)      (178, 4, 75.2)      (181, 1, 13.7)      (182, 1, 14.1)      (183, 3, 57.6)      (184, 2, 34.4)      (186, 1, 21.9)      (187, 1, 13.4)      (190, 4, 78.4)      (193, 2, 32.3)      (195, 2, 30.6)      (196, 1, 13.7)      (197, 3, 58.6)      (198, 1, 19.1)      (199, 2, 28.9)      (200, 1, 13.2)      (202, 2, 32.0)      (203, 3, 73.0)      (204, 4, 87.0)      (207, 1, 14.5)      (214, 1, 13.9)      (217, 2, 32.1)      (218, 1, 20.6)      (223, 3, 57.0)      (229, 1, 13.6)      (251, 1, 13.2)      (266, 1, 14.6)      (280, 2, 32.8)      (310, 4, 77.9)      (317, 4, 80.4)      (329, 3, 55.4)      (333, 3, 51.3)      (334, 3, 55.2)      (349, 2, 31.0)      (350, 2, 38.9)      (351, 2, 36.1)      (364, 2, 33.5)      (375, 2, 39.8)      (378, 2, 39.4)      (381, 1, 13.4)      (382, 1, 13.2)      (384, 1, 13.2)      (386, 1, 13.3)      (387, 1, 13.4)      (389, 1, 13.3)      (390, 1, 13.8)      (391, 1, 13.2)      (400, 1, 13.8)      (402, 1, 20.6)      (403, 1, 13.2)      (404, 1, 13.2)      (405, 1, 14.0) 

     Critical victims found     (Ve1) =  53 out of 112 (47.3)%
     Instable victims found     (Ve2) =  33 out of 124 (26.6)%
     Pot. inst. victims found   (Ve3) =  30 out of 84 (35.7)%
     Stable victims found       (Ve4) =  30 out of 88 (34.1)%
     --------------------------------------
     Total of found victims     (Ve)  = 146 (35.78%)
     Weighted found victims per severity (Veg) = 0.39

     Sum of gravities of all found victims = 6193.17 of a total of 18528.67
       % of gravities of all found victims = 0.33
     --------------------------------------
     CSV of found victims
     Ve1,Ve2,Ve3,Ve4,Veg
     53,33,30,30,0.39

 *** SAVED victims by all rescuer agents ***

     saved victims: (ID, Sev label, Sev value)
     (0, 1, 13.6)      (1, 1, 13.2)      (2, 1, 24.2)      (4, 1, 23.9)      (6, 1, 21.0)      (7, 1, 13.9)      (9, 1, 13.2)      (12, 1, 20.1)      (13, 1, 22.0)      (17, 1, 13.4)      (19, 1, 24.5)      (20, 1, 24.7)      (21, 1, 13.5)      (22, 1, 13.2)      (23, 1, 20.9)      (24, 1, 14.2)      (28, 2, 33.3)      (29, 2, 37.3)      (32, 2, 31.5)      (35, 2, 38.6)      (39, 2, 39.6)      (40, 2, 36.2)      (41, 2, 37.6)      (42, 2, 32.8)      (45, 2, 29.2)      (51, 2, 33.0)      (53, 2, 26.0)      (56, 2, 40.0)      (58, 2, 40.4)      (61, 3, 57.1)      (62, 3, 60.0)      (63, 3, 65.2)      (64, 3, 64.0)      (66, 3, 57.3)      (68, 3, 59.4)      (69, 3, 67.3)      (70, 3, 60.3)      (71, 3, 61.5)      (72, 3, 71.9)      (73, 3, 52.6)      (74, 3, 54.5)      (76, 3, 50.5)      (77, 3, 54.7)      (78, 3, 52.0)      (79, 3, 51.8)      (80, 4, 87.0)      (81, 4, 87.0)      (83, 4, 75.3)      (84, 4, 85.2)      (88, 4, 75.4)      (89, 4, 76.2)      (90, 4, 85.3)      (91, 4, 84.9)      (92, 4, 87.0)      (93, 4, 80.2)      (94, 4, 87.0)      (96, 4, 80.8)      (97, 4, 81.5)      (98, 4, 75.4)      (99, 4, 86.7)      (101, 4, 87.0)      (105, 3, 66.8)      (106, 1, 13.2)      (107, 1, 13.6)      (109, 1, 13.2)      (115, 2, 34.6)      (116, 1, 14.0)      (122, 4, 79.2)      (123, 4, 81.9)      (124, 1, 23.9)      (127, 1, 13.7)      (133, 2, 40.0)      (134, 1, 13.2)      (136, 3, 52.5)      (137, 2, 26.4)      (139, 4, 75.7)      (140, 2, 35.3)      (141, 1, 13.3)      (147, 4, 77.2)      (148, 3, 53.4)      (149, 3, 71.9)      (151, 3, 74.8)      (152, 2, 40.0)      (156, 1, 13.8)      (160, 4, 84.4)      (161, 3, 58.7)      (165, 1, 13.9)      (166, 2, 40.7)      (169, 4, 79.5)      (170, 4, 80.0)      (171, 1, 14.1)      (173, 4, 83.7)      (174, 3, 51.6)      (175, 4, 75.4)      (176, 2, 32.3)      (178, 4, 75.2)      (181, 1, 13.7)      (182, 1, 14.1)      (183, 3, 57.6)      (184, 2, 34.4)      (186, 1, 21.9)      (187, 1, 13.4)      (190, 4, 78.4)      (193, 2, 32.3)      (195, 2, 30.6)      (196, 1, 13.7)      (197, 3, 58.6)      (198, 1, 19.1)      (199, 2, 28.9)      (200, 1, 13.2)      (202, 2, 32.0)      (203, 3, 73.0)      (204, 4, 87.0)      (207, 1, 14.5)      (214, 1, 13.9)      (217, 2, 32.1)      (218, 1, 20.6)      (223, 3, 57.0)      (229, 1, 13.6)      (251, 1, 13.2)      (266, 1, 14.6)      (280, 2, 32.8)      (310, 4, 77.9)      (317, 4, 80.4)      (329, 3, 55.4)      (333, 3, 51.3)      (334, 3, 55.2)      (349, 2, 31.0)      (350, 2, 38.9)      (351, 2, 36.1)      (364, 2, 33.5)      (375, 2, 39.8)      (378, 2, 39.4)      (381, 1, 13.4)      (382, 1, 13.2)      (384, 1, 13.2)      (386, 1, 13.3)      (387, 1, 13.4)      (389, 1, 13.3)      (390, 1, 13.8)      (391, 1, 13.2)      (400, 1, 13.8)      (402, 1, 20.6)      (403, 1, 13.2)      (404, 1, 13.2)      (405, 1, 14.0) 

     Critical victims saved     (Vs1) =  53 out of 112 (47.3)%
     Instable victims saved     (Vs2) =  33 out of 124 (26.6)%
     Pot. inst. victims saved   (Vs3) =  30 out of 84 (35.7)%
     Stable victims saved       (Vs4) =  30 out of 88 (34.1)%
     --------------------------------------
     Total of saved victims     (Vs)  = 146 (35.78%)
     Weighted saved victims per severity (Vsg) = 0.39

     Sum of gravities of all saved victims = 6193.17 of a total of 18528.67
       % of gravities of all saved victims = 0.33
     --------------------------------------
     CSV of saved victims
     Vs1,Vs2,Vs3,Vs4,Vsg
     53,33,30,30,0.39

 *** END OF STATS ***
ENV: Tecle qualquer coisa para encerrar >>
=== Erros ===
