Dataset: datasets/data_800v
Config: cfg_1
Tempo de execução: 0.49 segundos

=== Saída ===
pygame 2.6.1 (SDL 2.28.4, Python 3.13.3)
Hello from the pygame community. https://www.pygame.org/contribute.html

=== Erros ===
Traceback (most recent call last):
  File "/home/matheuspassos/Coding/Personal/VictimSim2/mas/main.py", line 58, in <module>
    main(data_folder_name, config_ag_folder_name)
    ~~~~^^^^^^^^^^^^^^^^^^^^^^^^^^^^^^^^^^^^^^^^^
  File "/home/matheuspassos/Coding/Personal/VictimSim2/mas/main.py", line 19, in main
    env = Env(data_folder)
  File "/home/matheuspassos/Coding/Personal/VictimSim2/vs/environment.py", line 43, in __init__
    self.__read_config()
    ~~~~~~~~~~~~~~~~~~^^
  File "/home/matheuspassos/Coding/Personal/VictimSim2/vs/environment.py", line 129, in __read_config
    with open(size_file, "r") as file:
         ~~~~^^^^^^^^^^^^^^^^
FileNotFoundError: [Errno 2] No such file or directory: '/home/matheuspassos/Coding/Personal/VictimSim2/datasets/data_800v/env_config.txt'
